{"C:\\Users\\Dan\\Documents\\alchemy\\career-track\\labs\\lab-07-express\\lib\\models\\Recipe.js": {"path":"C:\\Users\\Dan\\Documents\\alchemy\\career-track\\labs\\lab-07-express\\lib\\models\\Recipe.js","statementMap":{"0":{"start":{"line":1,"column":17},"end":{"line":1,"column":36}},"1":{"start":{"line":3,"column":26},"end":{"line":16,"column":2}},"2":{"start":{"line":18,"column":15},"end":{"line":25,"column":2}},"3":{"start":{"line":27,"column":0},"end":{"line":27,"column":50}}},"fnMap":{},"branchMap":{},"s":{"0":1,"1":1,"2":1,"3":1},"f":{},"b":{},"_coverageSchema":"43e27e138ebf9cfc5966b082cf9a028302ed4184","hash":"ffba6b6dbd906c8daec1ee40b042b06b6491e097"}
}
