TN:
SF:C:\Users\Dan\Documents\alchemy\career-track\labs\lab-07-express\lib\app.js
FNF:0
FNH:0
DA:1,2
DA:2,2
DA:4,2
DA:6,2
DA:7,2
DA:9,2
LF:6
LH:6
BRF:0
BRH:0
end_of_record
TN:
SF:C:\Users\Dan\Documents\alchemy\career-track\labs\lab-07-express\lib\models\Attempt.js
FNF:0
FNH:0
DA:1,3
DA:3,3
DA:24,3
LF:3
LH:3
BRF:0
BRH:0
end_of_record
TN:
SF:C:\Users\Dan\Documents\alchemy\career-track\labs\lab-07-express\lib\models\Recipe.js
FNF:0
FNH:0
DA:1,3
DA:3,3
DA:18,3
DA:29,3
LF:4
LH:4
BRF:0
BRH:0
end_of_record
TN:
SF:C:\Users\Dan\Documents\alchemy\career-track\labs\lab-07-express\lib\routes\attempts.js
FN:5,(anonymous_0)
FN:8,(anonymous_1)
FN:10,(anonymous_2)
FN:13,(anonymous_3)
FN:15,(anonymous_4)
FN:18,(anonymous_5)
FN:20,(anonymous_6)
FN:23,(anonymous_7)
FN:25,(anonymous_8)
FN:28,(anonymous_9)
FNF:10
FNH:10
FNDA:1,(anonymous_0)
FNDA:1,(anonymous_1)
FNDA:1,(anonymous_2)
FNDA:1,(anonymous_3)
FNDA:1,(anonymous_4)
FNDA:1,(anonymous_5)
FNDA:1,(anonymous_6)
FNDA:1,(anonymous_7)
FNDA:1,(anonymous_8)
FNDA:1,(anonymous_9)
DA:1,2
DA:2,2
DA:4,2
DA:6,1
DA:8,1
DA:11,1
DA:13,1
DA:16,1
DA:18,1
DA:21,1
DA:23,1
DA:26,1
DA:28,1
LF:13
LH:13
BRF:0
BRH:0
end_of_record
TN:
SF:C:\Users\Dan\Documents\alchemy\career-track\labs\lab-07-express\lib\routes\recipes.js
FN:5,(anonymous_0)
FN:8,(anonymous_1)
FN:10,(anonymous_2)
FN:13,(anonymous_3)
FN:15,(anonymous_4)
FN:18,(anonymous_5)
FN:20,(anonymous_6)
FN:23,(anonymous_7)
FN:25,(anonymous_8)
FN:28,(anonymous_9)
FNF:10
FNH:10
FNDA:1,(anonymous_0)
FNDA:1,(anonymous_1)
FNDA:1,(anonymous_2)
FNDA:1,(anonymous_3)
FNDA:1,(anonymous_4)
FNDA:1,(anonymous_5)
FNDA:1,(anonymous_6)
FNDA:1,(anonymous_7)
FNDA:1,(anonymous_8)
FNDA:1,(anonymous_9)
DA:1,2
DA:2,2
DA:4,2
DA:6,1
DA:8,1
DA:11,1
DA:13,1
DA:16,1
DA:18,1
DA:21,1
DA:23,1
DA:26,1
DA:28,1
LF:13
LH:13
BRF:0
BRH:0
end_of_record
TN:
SF:C:\Users\Dan\Documents\alchemy\career-track\labs\lab-07-express\lib\utils\connect.js
FN:4,(anonymous_0)
FN:12,(anonymous_1)
FN:19,(anonymous_2)
FN:24,(anonymous_3)
FNF:4
FNH:3
FNDA:2,(anonymous_0)
FNDA:2,(anonymous_1)
FNDA:2,(anonymous_2)
FNDA:0,(anonymous_3)
DA:1,2
DA:2,2
DA:4,2
DA:5,2
DA:12,2
DA:13,2
DA:14,2
DA:16,2
DA:19,2
DA:21,2
DA:24,2
DA:26,0
LF:12
LH:11
BRDA:4,0,0,2
BRF:1
BRH:1
end_of_record
